<?xml version="1.0" encoding="UTF-8"?>
<!-- Generated by org.testng.reporters.JUnitReportReporter -->
<testsuite hostname="ejijo-in" name="TestEngine.XmlGenerator" tests="1" failures="0" timestamp="19 Jul 2019 10:24:21 GMT" time="14.393" errors="0">
  <testcase name="xmlCreate" time="14.393" classname="TestEngine.XmlGenerator"/>
</testsuite> <!-- TestEngine.XmlGenerator -->
